53 16 
0 389.05 133.34 62.14 32.60 36.97 29.03 62.28 114.07 79.41 212.39 70.29 36.73 31.30 76.01 103.99 214.09 
0 324.10 185.78 53.32 42.18 33.74 30.92 64.02 96.03 81.98 170.60 60.72 33.12 27.39 53.91 92.18 132.29 
0 337.26 172.77 67.46 35.96 28.25 23.16 45.26 73.37 67.25 152.17 47.03 29.95 35.61 47.26 88.57 162.72 
0 374.35 296.55 62.14 35.16 36.96 28.18 56.53 75.65 78.38 162.61 56.70 30.64 32.97 67.67 104.95 200.48 
0 363.99 270.16 57.34 37.74 36.75 23.03 52.53 83.38 77.21 144.07 60.19 43.87 39.82 74.65 138.00 134.36 
0 451.01 330.85 99.71 56.79 56.01 41.09 85.36 128.34 85.71 153.54 65.00 41.44 37.51 59.31 122.89 113.58 
0 379.95 293.99 81.84 47.81 34.40 24.66 71.39 119.74 102.66 191.83 77.68 46.95 55.56 125.88 140.75 206.51 
0 394.40 145.07 71.63 40.96 43.49 32.47 63.88 95.54 77.51 183.66 81.59 34.37 33.57 86.55 106.25 138.53 
0 423.49 184.24 68.79 57.62 39.71 34.94 76.70 127.91 91.56 191.60 56.62 31.34 42.80 78.53 86.65 166.32 
0 327.95 227.49 71.65 30.59 25.42 29.93 52.06 80.28 95.60 133.54 47.18 55.04 43.04 90.17 163.09 223.91 
0 385.59 220.88 71.88 78.68 54.42 32.75 58.84 98.70 96.27 190.03 91.75 43.93 50.09 58.10 82.29 121.77 
0 380.33 166.52 54.72 72.84 52.19 39.06 68.98 153.62 106.08 204.99 89.83 59.51 33.84 64.06 99.44 145.30 
0 436.20 213.06 67.31 58.24 49.71 33.79 62.87 126.26 90.95 225.95 99.53 65.23 47.70 121.35 149.46 311.34 
0 365.29 239.79 107.11 83.75 70.09 75.96 127.97 121.83 129.51 194.37 59.35 43.39 32.79 66.23 95.44 146.08 
0 688.01 222.50 91.42 52.63 44.97 32.32 65.25 80.79 81.48 136.00 45.98 33.35 34.36 38.46 35.42 71.39 
0 581.05 277.65 95.05 64.03 52.50 32.67 67.44 89.28 86.24 141.64 54.55 24.51 23.83 29.41 35.47 55.73 
0 650.12 195.28 65.50 47.66 38.33 25.62 45.81 49.89 54.93 101.53 38.42 23.66 23.82 39.67 57.97 80.14 
0 613.10 240.01 82.24 48.66 43.29 30.90 71.40 86.73 76.72 134.38 50.07 29.28 36.82 62.52 100.02 190.73 
0 527.66 184.18 72.22 40.83 34.06 28.06 45.01 73.51 84.49 130.87 78.83 30.55 27.25 53.92 53.40 66.50 
0 620.78 185.55 67.55 38.99 33.61 25.54 48.07 52.24 57.41 105.72 38.41 28.96 27.80 40.99 49.20 89.65 
0 564.65 517.17 110.90 45.18 50.97 45.71 97.75 101.35 132.78 149.10 57.57 34.17 27.53 41.78 64.44 98.19 
0 500.22 149.52 53.79 29.07 28.01 22.29 59.76 64.63 81.64 128.85 49.73 39.06 48.43 89.61 125.78 212.88 
0 518.35 178.87 63.43 40.01 35.40 24.00 57.15 81.89 93.39 123.57 52.03 36.53 49.48 79.02 82.25 88.21 
0 574.24 160.93 64.06 39.41 45.47 28.03 68.70 93.94 70.14 134.93 46.60 26.06 44.03 39.25 40.72 78.29 
0 638.52 178.17 66.92 45.03 43.57 27.93 68.36 81.30 87.46 129.58 40.97 26.11 31.13 46.12 56.60 111.59 
0 619.89 166.02 69.66 45.44 51.53 28.35 55.50 79.83 82.19 161.87 95.30 41.36 42.37 57.67 67.42 91.15 
0 567.86 196.90 75.48 40.91 40.34 35.26 64.99 87.48 86.66 123.50 46.99 27.50 38.25 52.67 91.76 114.06 
0 573.97 197.02 78.31 44.47 35.05 36.57 64.28 99.10 92.27 167.30 112.29 62.95 60.07 64.26 67.67 99.04 
0 516.91 156.94 66.41 39.24 31.43 26.32 58.10 80.33 90.94 143.02 80.78 37.06 31.23 39.68 55.76 82.35 
0 543.44 170.13 54.80 29.22 39.59 27.32 46.44 51.96 71.75 119.28 43.78 27.93 25.37 40.24 33.08 57.47 
0 620.51 163.79 84.81 43.58 51.24 31.56 57.05 82.62 74.72 162.18 55.19 34.99 29.84 52.49 70.95 200.03 
0 553.81 309.61 150.57 65.60 51.72 29.03 74.68 85.62 81.26 138.50 56.57 31.15 38.69 87.42 90.10 119.21 
0 520.29 178.60 79.88 36.25 40.71 31.86 60.44 91.46 85.34 142.43 50.83 31.99 38.69 91.42 120.63 181.23 
0 625.94 202.08 62.10 50.04 43.89 29.81 59.95 83.72 100.06 134.74 58.36 31.45 33.43 41.91 80.15 161.63 
1 760.65 259.02 91.07 51.30 41.26 29.00 58.41 65.18 94.50 105.50 46.02 27.85 30.93 42.72 48.63 92.02 
1 555.11 175.20 81.95 45.45 41.89 28.51 70.02 115.11 120.38 159.98 50.25 30.61 31.39 43.05 70.35 59.41 
1 714.99 337.78 86.18 44.02 52.22 44.06 77.35 115.06 137.99 146.81 49.80 34.03 34.06 44.42 56.66 83.59 
1 600.63 264.10 74.51 58.27 39.50 34.39 43.47 51.51 89.11 129.46 47.81 40.45 62.69 119.12 110.59 122.86 
1 555.65 153.23 61.37 39.27 36.50 29.70 60.31 61.58 74.82 151.64 56.47 25.41 27.77 38.04 58.79 92.98 
1 640.88 220.98 92.35 66.39 48.73 30.67 57.64 104.29 85.79 127.28 58.95 37.21 46.92 69.47 60.41 100.01 
1 592.67 199.84 77.53 63.53 41.05 29.97 67.59 76.91 74.57 151.45 71.65 39.01 33.03 47.61 55.67 77.13 
1 614.21 217.55 73.17 49.25 36.67 33.68 58.64 70.25 100.42 107.36 53.77 30.38 39.40 44.31 55.79 80.33 
1 543.20 214.33 100.56 68.16 42.76 33.70 74.82 102.74 93.61 230.61 118.02 88.20 78.63 118.37 189.92 267.11 
1 722.19 218.05 71.53 71.39 52.59 37.45 48.67 108.72 105.27 193.02 76.71 43.48 50.38 55.76 62.64 119.86 
1 776.90 144.36 84.33 35.37 46.72 27.55 55.88 108.38 100.02 143.58 66.53 36.20 32.15 42.31 65.97 96.45 
1 744.23 227.00 137.16 55.99 57.06 37.88 68.17 67.92 97.75 125.85 46.50 27.89 28.96 43.58 42.78 80.12 
1 765.63 203.79 73.34 35.06 36.65 23.53 44.28 63.51 56.69 125.47 50.04 33.98 37.83 56.93 63.14 76.88 
1 706.03 238.59 89.54 41.43 46.74 33.73 72.71 67.66 87.31 125.57 52.98 35.68 38.48 46.88 49.09 94.08 
1 676.94 326.98 71.22 40.78 30.39 23.06 53.55 61.35 56.81 140.22 60.29 35.25 35.23 87.33 109.02 140.23 
1 717.32 191.14 118.29 55.38 56.95 38.62 61.65 80.18 72.46 147.61 52.71 32.62 30.96 34.72 50.20 112.43 
1 789.22 321.61 166.56 74.93 42.55 32.92 61.68 77.11 79.65 108.98 49.79 26.97 23.40 52.92 53.61 114.17 
1 428.81 171.97 89.48 42.50 49.86 39.08 72.94 118.26 115.75 186.50 92.81 56.18 60.41 69.21 72.81 99.44 
1 438.88 161.21 88.47 51.06 67.14 39.54 61.10 106.92 91.50 248.35 124.17 60.37 59.80 77.50 86.56 104.43 
